<?xml version="1.0" encoding="utf-8" standalone="no"?>
<test-results xmlns:xsi="http://www.w3.org/2001/XMLSchema-instance" xsi:noNamespaceSchemaLocation="nunit_schema_2.5.xsd" name="Pester" total="5" errors="0" failures="0" not-run="0" inconclusive="0" ignored="0" skipped="0" invalid="0" date="2026-09-06" time="03:20:25">
  <environment machine-name="runnervmgx7h7" user="runner" cwd="/home/runner/work/helios-platform/helios-platform" os-version="6.17.0-1022-azure" nunit-version="2.5.8.0" platform="Linux" user-domain="" clr-version="10.0.11" />
  <culture-info current-culture="" current-uiculture="" />
  <test-suite type="TestFixture" name="Pester" executed="True" result="Success" success="True" time="1.3161" asserts="0" description="Pester">
    <results>
      <test-suite type="TestFixture" name="/home/runner/work/helios-platform/helios-platform/scripts/verify/tests/test-code-checks.ps1" executed="True" result="Success" success="True" time="1.3161" asserts="0" description="/home/runner/work/helios-platform/helios-platform/scripts/verify/tests/test-code-checks.ps1">
        <results>
          <test-suite type="TestFixture" name="Get-CodeCheckTargetFiles" executed="True" result="Success" success="True" time="0.8446" asserts="0" description="Get-CodeCheckTargetFiles">
            <results>
              <test-case description="returns all tracked PowerShell files for workflow_dispatch" name="Get-CodeCheckTargetFiles.returns all tracked PowerShell files for workflow_dispatch" time="0.2615" asserts="0" success="True" result="Success" executed="True" />
              <test-case description="returns added and renamed PowerShell files for pull_request and excludes deletions" name="Get-CodeCheckTargetFiles.returns added and renamed PowerShell files for pull_request and excludes deletions" time="0.2195" asserts="0" success="True" result="Success" executed="True" />
              <test-case description="falls back to a full tracked scan for new branch pushes" name="Get-CodeCheckTargetFiles.falls back to a full tracked scan for new branch pushes" time="0.0922" asserts="0" success="True" result="Success" executed="True" />
              <test-case description="fails clearly when the pull request base ref cannot be resolved" name="Get-CodeCheckTargetFiles.fails clearly when the pull request base ref cannot be resolved" time="0.1554" asserts="0" success="True" result="Success" executed="True" />
            </results>
          </test-suite>
          <test-suite type="TestFixture" name="Test-PowerShellSyntax" executed="True" result="Success" success="True" time="0.9773" asserts="0" description="Test-PowerShellSyntax">
            <results>
              <test-case description="fails on parser errors instead of tokenizing successfully" name="Test-PowerShellSyntax.fails on parser errors instead of tokenizing successfully" time="0.1111" asserts="0" success="True" result="Success" executed="True" />
            </results>
          </test-suite>
        </results>
      </test-suite>
    </results>
  </test-suite>
</test-results>